[21-Dec-2023 01:25:03 UTC] PHP Warning:  Undefined array key "WORDPRESS_DB_NAME" in /Users/jeremy/Library/CloudStorage/GoogleDrive-jeremy@jeremyteurterie.com/Mon Drive/devlog/projects/openclassrooms/med-it/app/public/wp-config.php on line 19
[21-Dec-2023 01:25:03 UTC] PHP Warning:  Undefined array key "WORDPRESS_DB_USER" in /Users/jeremy/Library/CloudStorage/GoogleDrive-jeremy@jeremyteurterie.com/Mon Drive/devlog/projects/openclassrooms/med-it/app/public/wp-config.php on line 22
[21-Dec-2023 01:25:03 UTC] PHP Warning:  Undefined array key "WORDPRESS_DB_PASSWORD" in /Users/jeremy/Library/CloudStorage/GoogleDrive-jeremy@jeremyteurterie.com/Mon Drive/devlog/projects/openclassrooms/med-it/app/public/wp-config.php on line 25
[21-Dec-2023 01:25:03 UTC] PHP Warning:  Undefined array key "WORDPRESS_DB_HOST" in /Users/jeremy/Library/CloudStorage/GoogleDrive-jeremy@jeremyteurterie.com/Mon Drive/devlog/projects/openclassrooms/med-it/app/public/wp-config.php on line 28
[21-Dec-2023 01:25:03 UTC] PHP Warning:  Undefined array key "WORDPRESS_DB_PASSWORD" in /Users/jeremy/Library/CloudStorage/GoogleDrive-jeremy@jeremyteurterie.com/Mon Drive/devlog/projects/openclassrooms/med-it/app/public/wp-config.php on line 39
[21-Dec-2023 01:25:03 UTC] PHP Warning:  Undefined array key "WORDPRESS_DB_PASSWORD" in /Users/jeremy/Library/CloudStorage/GoogleDrive-jeremy@jeremyteurterie.com/Mon Drive/devlog/projects/openclassrooms/med-it/app/public/wp-config.php on line 39
[21-Dec-2023 01:25:03 UTC] PHP Warning:  Undefined array key "WORDPRESS_DB_NAME" in /Users/jeremy/Library/CloudStorage/GoogleDrive-jeremy@jeremyteurterie.com/Mon Drive/devlog/projects/openclassrooms/med-it/app/public/wp-config.php on line 19
[21-Dec-2023 01:25:03 UTC] PHP Warning:  Undefined array key "WORDPRESS_DB_USER" in /Users/jeremy/Library/CloudStorage/GoogleDrive-jeremy@jeremyteurterie.com/Mon Drive/devlog/projects/openclassrooms/med-it/app/public/wp-config.php on line 22
[21-Dec-2023 01:25:03 UTC] PHP Warning:  Undefined array key "WORDPRESS_DB_PASSWORD" in /Users/jeremy/Library/CloudStorage/GoogleDrive-jeremy@jeremyteurterie.com/Mon Drive/devlog/projects/openclassrooms/med-it/app/public/wp-config.php on line 25
[21-Dec-2023 01:25:03 UTC] PHP Warning:  Undefined array key "WORDPRESS_DB_HOST" in /Users/jeremy/Library/CloudStorage/GoogleDrive-jeremy@jeremyteurterie.com/Mon Drive/devlog/projects/openclassrooms/med-it/app/public/wp-config.php on line 28
[21-Dec-2023 01:25:03 UTC] PHP Warning:  Undefined array key "WORDPRESS_DB_PASSWORD" in /Users/jeremy/Library/CloudStorage/GoogleDrive-jeremy@jeremyteurterie.com/Mon Drive/devlog/projects/openclassrooms/med-it/app/public/wp-config.php on line 39
[21-Dec-2023 01:25:03 UTC] PHP Warning:  Undefined array key "WORDPRESS_DB_PASSWORD" in /Users/jeremy/Library/CloudStorage/GoogleDrive-jeremy@jeremyteurterie.com/Mon Drive/devlog/projects/openclassrooms/med-it/app/public/wp-config.php on line 39
[21-Dec-2023 01:34:03 UTC] PHP Warning:  Undefined array key "med-it" in /Users/jeremy/Library/CloudStorage/GoogleDrive-jeremy@jeremyteurterie.com/Mon Drive/devlog/projects/openclassrooms/med-it/app/public/wp-config.php on line 19
[21-Dec-2023 01:34:03 UTC] PHP Warning:  Undefined array key "root" in /Users/jeremy/Library/CloudStorage/GoogleDrive-jeremy@jeremyteurterie.com/Mon Drive/devlog/projects/openclassrooms/med-it/app/public/wp-config.php on line 22
[21-Dec-2023 01:34:03 UTC] PHP Warning:  Undefined array key "root" in /Users/jeremy/Library/CloudStorage/GoogleDrive-jeremy@jeremyteurterie.com/Mon Drive/devlog/projects/openclassrooms/med-it/app/public/wp-config.php on line 25
[21-Dec-2023 01:34:03 UTC] PHP Warning:  Undefined array key "localhost" in /Users/jeremy/Library/CloudStorage/GoogleDrive-jeremy@jeremyteurterie.com/Mon Drive/devlog/projects/openclassrooms/med-it/app/public/wp-config.php on line 28
[21-Dec-2023 01:34:03 UTC] PHP Warning:  Undefined array key "WORDPRESS_DB_PASSWORD" in /Users/jeremy/Library/CloudStorage/GoogleDrive-jeremy@jeremyteurterie.com/Mon Drive/devlog/projects/openclassrooms/med-it/app/public/wp-config.php on line 39
[21-Dec-2023 01:34:03 UTC] PHP Warning:  Undefined array key "WORDPRESS_DB_PASSWORD" in /Users/jeremy/Library/CloudStorage/GoogleDrive-jeremy@jeremyteurterie.com/Mon Drive/devlog/projects/openclassrooms/med-it/app/public/wp-config.php on line 39
[21-Dec-2023 01:34:03 UTC] PHP Warning:  Undefined array key "med-it" in /Users/jeremy/Library/CloudStorage/GoogleDrive-jeremy@jeremyteurterie.com/Mon Drive/devlog/projects/openclassrooms/med-it/app/public/wp-config.php on line 19
[21-Dec-2023 01:34:03 UTC] PHP Warning:  Undefined array key "root" in /Users/jeremy/Library/CloudStorage/GoogleDrive-jeremy@jeremyteurterie.com/Mon Drive/devlog/projects/openclassrooms/med-it/app/public/wp-config.php on line 22
[21-Dec-2023 01:34:03 UTC] PHP Warning:  Undefined array key "root" in /Users/jeremy/Library/CloudStorage/GoogleDrive-jeremy@jeremyteurterie.com/Mon Drive/devlog/projects/openclassrooms/med-it/app/public/wp-config.php on line 25
[21-Dec-2023 01:34:03 UTC] PHP Warning:  Undefined array key "localhost" in /Users/jeremy/Library/CloudStorage/GoogleDrive-jeremy@jeremyteurterie.com/Mon Drive/devlog/projects/openclassrooms/med-it/app/public/wp-config.php on line 28
[21-Dec-2023 01:34:03 UTC] PHP Warning:  Undefined array key "WORDPRESS_DB_PASSWORD" in /Users/jeremy/Library/CloudStorage/GoogleDrive-jeremy@jeremyteurterie.com/Mon Drive/devlog/projects/openclassrooms/med-it/app/public/wp-config.php on line 39
[21-Dec-2023 01:34:03 UTC] PHP Warning:  Undefined array key "WORDPRESS_DB_PASSWORD" in /Users/jeremy/Library/CloudStorage/GoogleDrive-jeremy@jeremyteurterie.com/Mon Drive/devlog/projects/openclassrooms/med-it/app/public/wp-config.php on line 39
[21-Dec-2023 01:36:14 UTC] PHP Warning:  Undefined array key "med-it" in /Users/jeremy/Library/CloudStorage/GoogleDrive-jeremy@jeremyteurterie.com/Mon Drive/devlog/projects/openclassrooms/med-it/app/public/wp-config.php on line 19
[21-Dec-2023 01:36:14 UTC] PHP Warning:  Undefined array key "root" in /Users/jeremy/Library/CloudStorage/GoogleDrive-jeremy@jeremyteurterie.com/Mon Drive/devlog/projects/openclassrooms/med-it/app/public/wp-config.php on line 22
[21-Dec-2023 01:36:14 UTC] PHP Warning:  Undefined array key "root" in /Users/jeremy/Library/CloudStorage/GoogleDrive-jeremy@jeremyteurterie.com/Mon Drive/devlog/projects/openclassrooms/med-it/app/public/wp-config.php on line 25
[21-Dec-2023 01:36:14 UTC] PHP Warning:  Undefined array key "localhost" in /Users/jeremy/Library/CloudStorage/GoogleDrive-jeremy@jeremyteurterie.com/Mon Drive/devlog/projects/openclassrooms/med-it/app/public/wp-config.php on line 28
[21-Dec-2023 01:36:14 UTC] PHP Warning:  Undefined array key "WORDPRESS_DB_PASSWORD" in /Users/jeremy/Library/CloudStorage/GoogleDrive-jeremy@jeremyteurterie.com/Mon Drive/devlog/projects/openclassrooms/med-it/app/public/wp-config.php on line 39
[21-Dec-2023 01:36:14 UTC] PHP Warning:  Undefined array key "WORDPRESS_DB_PASSWORD" in /Users/jeremy/Library/CloudStorage/GoogleDrive-jeremy@jeremyteurterie.com/Mon Drive/devlog/projects/openclassrooms/med-it/app/public/wp-config.php on line 39
[21-Dec-2023 01:36:14 UTC] PHP Warning:  Undefined array key "med-it" in /Users/jeremy/Library/CloudStorage/GoogleDrive-jeremy@jeremyteurterie.com/Mon Drive/devlog/projects/openclassrooms/med-it/app/public/wp-config.php on line 19
[21-Dec-2023 01:36:14 UTC] PHP Warning:  Undefined array key "root" in /Users/jeremy/Library/CloudStorage/GoogleDrive-jeremy@jeremyteurterie.com/Mon Drive/devlog/projects/openclassrooms/med-it/app/public/wp-config.php on line 22
[21-Dec-2023 01:36:14 UTC] PHP Warning:  Undefined array key "root" in /Users/jeremy/Library/CloudStorage/GoogleDrive-jeremy@jeremyteurterie.com/Mon Drive/devlog/projects/openclassrooms/med-it/app/public/wp-config.php on line 25
[21-Dec-2023 01:36:14 UTC] PHP Warning:  Undefined array key "localhost" in /Users/jeremy/Library/CloudStorage/GoogleDrive-jeremy@jeremyteurterie.com/Mon Drive/devlog/projects/openclassrooms/med-it/app/public/wp-config.php on line 28
[21-Dec-2023 01:36:14 UTC] PHP Warning:  Undefined array key "WORDPRESS_DB_PASSWORD" in /Users/jeremy/Library/CloudStorage/GoogleDrive-jeremy@jeremyteurterie.com/Mon Drive/devlog/projects/openclassrooms/med-it/app/public/wp-config.php on line 39
[21-Dec-2023 01:36:14 UTC] PHP Warning:  Undefined array key "WORDPRESS_DB_PASSWORD" in /Users/jeremy/Library/CloudStorage/GoogleDrive-jeremy@jeremyteurterie.com/Mon Drive/devlog/projects/openclassrooms/med-it/app/public/wp-config.php on line 39
[21-Dec-2023 01:37:14 UTC] PHP Warning:  Undefined array key "med-it" in /Users/jeremy/Library/CloudStorage/GoogleDrive-jeremy@jeremyteurterie.com/Mon Drive/devlog/projects/openclassrooms/med-it/app/public/wp-config.php on line 19
[21-Dec-2023 01:37:14 UTC] PHP Warning:  Undefined array key "root" in /Users/jeremy/Library/CloudStorage/GoogleDrive-jeremy@jeremyteurterie.com/Mon Drive/devlog/projects/openclassrooms/med-it/app/public/wp-config.php on line 22
[21-Dec-2023 01:37:14 UTC] PHP Warning:  Undefined array key "root" in /Users/jeremy/Library/CloudStorage/GoogleDrive-jeremy@jeremyteurterie.com/Mon Drive/devlog/projects/openclassrooms/med-it/app/public/wp-config.php on line 25
[21-Dec-2023 01:37:14 UTC] PHP Warning:  Undefined array key "localhost" in /Users/jeremy/Library/CloudStorage/GoogleDrive-jeremy@jeremyteurterie.com/Mon Drive/devlog/projects/openclassrooms/med-it/app/public/wp-config.php on line 28
[21-Dec-2023 01:37:14 UTC] PHP Warning:  Undefined array key "root" in /Users/jeremy/Library/CloudStorage/GoogleDrive-jeremy@jeremyteurterie.com/Mon Drive/devlog/projects/openclassrooms/med-it/app/public/wp-config.php on line 39
[21-Dec-2023 01:37:14 UTC] PHP Warning:  Undefined array key "root" in /Users/jeremy/Library/CloudStorage/GoogleDrive-jeremy@jeremyteurterie.com/Mon Drive/devlog/projects/openclassrooms/med-it/app/public/wp-config.php on line 39
[21-Dec-2023 01:37:15 UTC] PHP Warning:  Undefined array key "med-it" in /Users/jeremy/Library/CloudStorage/GoogleDrive-jeremy@jeremyteurterie.com/Mon Drive/devlog/projects/openclassrooms/med-it/app/public/wp-config.php on line 19
[21-Dec-2023 01:37:15 UTC] PHP Warning:  Undefined array key "root" in /Users/jeremy/Library/CloudStorage/GoogleDrive-jeremy@jeremyteurterie.com/Mon Drive/devlog/projects/openclassrooms/med-it/app/public/wp-config.php on line 22
[21-Dec-2023 01:37:15 UTC] PHP Warning:  Undefined array key "root" in /Users/jeremy/Library/CloudStorage/GoogleDrive-jeremy@jeremyteurterie.com/Mon Drive/devlog/projects/openclassrooms/med-it/app/public/wp-config.php on line 25
[21-Dec-2023 01:37:15 UTC] PHP Warning:  Undefined array key "localhost" in /Users/jeremy/Library/CloudStorage/GoogleDrive-jeremy@jeremyteurterie.com/Mon Drive/devlog/projects/openclassrooms/med-it/app/public/wp-config.php on line 28
[21-Dec-2023 01:37:15 UTC] PHP Warning:  Undefined array key "root" in /Users/jeremy/Library/CloudStorage/GoogleDrive-jeremy@jeremyteurterie.com/Mon Drive/devlog/projects/openclassrooms/med-it/app/public/wp-config.php on line 39
[21-Dec-2023 01:37:15 UTC] PHP Warning:  Undefined array key "root" in /Users/jeremy/Library/CloudStorage/GoogleDrive-jeremy@jeremyteurterie.com/Mon Drive/devlog/projects/openclassrooms/med-it/app/public/wp-config.php on line 39
[21-Dec-2023 01:37:16 UTC] PHP Warning:  Undefined array key "med-it" in /Users/jeremy/Library/CloudStorage/GoogleDrive-jeremy@jeremyteurterie.com/Mon Drive/devlog/projects/openclassrooms/med-it/app/public/wp-config.php on line 19
[21-Dec-2023 01:37:16 UTC] PHP Warning:  Undefined array key "root" in /Users/jeremy/Library/CloudStorage/GoogleDrive-jeremy@jeremyteurterie.com/Mon Drive/devlog/projects/openclassrooms/med-it/app/public/wp-config.php on line 22
[21-Dec-2023 01:37:16 UTC] PHP Warning:  Undefined array key "root" in /Users/jeremy/Library/CloudStorage/GoogleDrive-jeremy@jeremyteurterie.com/Mon Drive/devlog/projects/openclassrooms/med-it/app/public/wp-config.php on line 25
[21-Dec-2023 01:37:16 UTC] PHP Warning:  Undefined array key "localhost" in /Users/jeremy/Library/CloudStorage/GoogleDrive-jeremy@jeremyteurterie.com/Mon Drive/devlog/projects/openclassrooms/med-it/app/public/wp-config.php on line 28
[21-Dec-2023 01:37:16 UTC] PHP Warning:  Undefined array key "root" in /Users/jeremy/Library/CloudStorage/GoogleDrive-jeremy@jeremyteurterie.com/Mon Drive/devlog/projects/openclassrooms/med-it/app/public/wp-config.php on line 39
[21-Dec-2023 01:37:16 UTC] PHP Warning:  Undefined array key "root" in /Users/jeremy/Library/CloudStorage/GoogleDrive-jeremy@jeremyteurterie.com/Mon Drive/devlog/projects/openclassrooms/med-it/app/public/wp-config.php on line 39
[21-Dec-2023 01:37:16 UTC] PHP Warning:  Undefined array key "med-it" in /Users/jeremy/Library/CloudStorage/GoogleDrive-jeremy@jeremyteurterie.com/Mon Drive/devlog/projects/openclassrooms/med-it/app/public/wp-config.php on line 19
[21-Dec-2023 01:37:16 UTC] PHP Warning:  Undefined array key "root" in /Users/jeremy/Library/CloudStorage/GoogleDrive-jeremy@jeremyteurterie.com/Mon Drive/devlog/projects/openclassrooms/med-it/app/public/wp-config.php on line 22
[21-Dec-2023 01:37:16 UTC] PHP Warning:  Undefined array key "root" in /Users/jeremy/Library/CloudStorage/GoogleDrive-jeremy@jeremyteurterie.com/Mon Drive/devlog/projects/openclassrooms/med-it/app/public/wp-config.php on line 25
[21-Dec-2023 01:37:16 UTC] PHP Warning:  Undefined array key "localhost" in /Users/jeremy/Library/CloudStorage/GoogleDrive-jeremy@jeremyteurterie.com/Mon Drive/devlog/projects/openclassrooms/med-it/app/public/wp-config.php on line 28
[21-Dec-2023 01:37:16 UTC] PHP Warning:  Undefined array key "root" in /Users/jeremy/Library/CloudStorage/GoogleDrive-jeremy@jeremyteurterie.com/Mon Drive/devlog/projects/openclassrooms/med-it/app/public/wp-config.php on line 39
[21-Dec-2023 01:37:16 UTC] PHP Warning:  Undefined array key "root" in /Users/jeremy/Library/CloudStorage/GoogleDrive-jeremy@jeremyteurterie.com/Mon Drive/devlog/projects/openclassrooms/med-it/app/public/wp-config.php on line 39
[21-Dec-2023 01:37:16 UTC] PHP Warning:  Undefined array key "med-it" in /Users/jeremy/Library/CloudStorage/GoogleDrive-jeremy@jeremyteurterie.com/Mon Drive/devlog/projects/openclassrooms/med-it/app/public/wp-config.php on line 19
[21-Dec-2023 01:37:16 UTC] PHP Warning:  Undefined array key "root" in /Users/jeremy/Library/CloudStorage/GoogleDrive-jeremy@jeremyteurterie.com/Mon Drive/devlog/projects/openclassrooms/med-it/app/public/wp-config.php on line 22
[21-Dec-2023 01:37:16 UTC] PHP Warning:  Undefined array key "root" in /Users/jeremy/Library/CloudStorage/GoogleDrive-jeremy@jeremyteurterie.com/Mon Drive/devlog/projects/openclassrooms/med-it/app/public/wp-config.php on line 25
[21-Dec-2023 01:37:16 UTC] PHP Warning:  Undefined array key "localhost" in /Users/jeremy/Library/CloudStorage/GoogleDrive-jeremy@jeremyteurterie.com/Mon Drive/devlog/projects/openclassrooms/med-it/app/public/wp-config.php on line 28
[21-Dec-2023 01:37:16 UTC] PHP Warning:  Undefined array key "root" in /Users/jeremy/Library/CloudStorage/GoogleDrive-jeremy@jeremyteurterie.com/Mon Drive/devlog/projects/openclassrooms/med-it/app/public/wp-config.php on line 39
[21-Dec-2023 01:37:16 UTC] PHP Warning:  Undefined array key "root" in /Users/jeremy/Library/CloudStorage/GoogleDrive-jeremy@jeremyteurterie.com/Mon Drive/devlog/projects/openclassrooms/med-it/app/public/wp-config.php on line 39
[21-Dec-2023 01:37:16 UTC] PHP Warning:  Undefined array key "med-it" in /Users/jeremy/Library/CloudStorage/GoogleDrive-jeremy@jeremyteurterie.com/Mon Drive/devlog/projects/openclassrooms/med-it/app/public/wp-config.php on line 19
[21-Dec-2023 01:37:16 UTC] PHP Warning:  Undefined array key "root" in /Users/jeremy/Library/CloudStorage/GoogleDrive-jeremy@jeremyteurterie.com/Mon Drive/devlog/projects/openclassrooms/med-it/app/public/wp-config.php on line 22
[21-Dec-2023 01:37:16 UTC] PHP Warning:  Undefined array key "root" in /Users/jeremy/Library/CloudStorage/GoogleDrive-jeremy@jeremyteurterie.com/Mon Drive/devlog/projects/openclassrooms/med-it/app/public/wp-config.php on line 25
[21-Dec-2023 01:37:16 UTC] PHP Warning:  Undefined array key "localhost" in /Users/jeremy/Library/CloudStorage/GoogleDrive-jeremy@jeremyteurterie.com/Mon Drive/devlog/projects/openclassrooms/med-it/app/public/wp-config.php on line 28
[21-Dec-2023 01:37:16 UTC] PHP Warning:  Undefined array key "root" in /Users/jeremy/Library/CloudStorage/GoogleDrive-jeremy@jeremyteurterie.com/Mon Drive/devlog/projects/openclassrooms/med-it/app/public/wp-config.php on line 39
[21-Dec-2023 01:37:16 UTC] PHP Warning:  Undefined array key "root" in /Users/jeremy/Library/CloudStorage/GoogleDrive-jeremy@jeremyteurterie.com/Mon Drive/devlog/projects/openclassrooms/med-it/app/public/wp-config.php on line 39
[21-Dec-2023 01:37:16 UTC] PHP Warning:  Undefined array key "med-it" in /Users/jeremy/Library/CloudStorage/GoogleDrive-jeremy@jeremyteurterie.com/Mon Drive/devlog/projects/openclassrooms/med-it/app/public/wp-config.php on line 19
[21-Dec-2023 01:37:16 UTC] PHP Warning:  Undefined array key "root" in /Users/jeremy/Library/CloudStorage/GoogleDrive-jeremy@jeremyteurterie.com/Mon Drive/devlog/projects/openclassrooms/med-it/app/public/wp-config.php on line 22
[21-Dec-2023 01:37:16 UTC] PHP Warning:  Undefined array key "root" in /Users/jeremy/Library/CloudStorage/GoogleDrive-jeremy@jeremyteurterie.com/Mon Drive/devlog/projects/openclassrooms/med-it/app/public/wp-config.php on line 25
[21-Dec-2023 01:37:16 UTC] PHP Warning:  Undefined array key "localhost" in /Users/jeremy/Library/CloudStorage/GoogleDrive-jeremy@jeremyteurterie.com/Mon Drive/devlog/projects/openclassrooms/med-it/app/public/wp-config.php on line 28
[21-Dec-2023 01:37:16 UTC] PHP Warning:  Undefined array key "root" in /Users/jeremy/Library/CloudStorage/GoogleDrive-jeremy@jeremyteurterie.com/Mon Drive/devlog/projects/openclassrooms/med-it/app/public/wp-config.php on line 39
[21-Dec-2023 01:37:16 UTC] PHP Warning:  Undefined array key "root" in /Users/jeremy/Library/CloudStorage/GoogleDrive-jeremy@jeremyteurterie.com/Mon Drive/devlog/projects/openclassrooms/med-it/app/public/wp-config.php on line 39
[21-Dec-2023 01:37:16 UTC] PHP Warning:  Undefined array key "med-it" in /Users/jeremy/Library/CloudStorage/GoogleDrive-jeremy@jeremyteurterie.com/Mon Drive/devlog/projects/openclassrooms/med-it/app/public/wp-config.php on line 19
[21-Dec-2023 01:37:16 UTC] PHP Warning:  Undefined array key "root" in /Users/jeremy/Library/CloudStorage/GoogleDrive-jeremy@jeremyteurterie.com/Mon Drive/devlog/projects/openclassrooms/med-it/app/public/wp-config.php on line 22
[21-Dec-2023 01:37:16 UTC] PHP Warning:  Undefined array key "root" in /Users/jeremy/Library/CloudStorage/GoogleDrive-jeremy@jeremyteurterie.com/Mon Drive/devlog/projects/openclassrooms/med-it/app/public/wp-config.php on line 25
[21-Dec-2023 01:37:16 UTC] PHP Warning:  Undefined array key "localhost" in /Users/jeremy/Library/CloudStorage/GoogleDrive-jeremy@jeremyteurterie.com/Mon Drive/devlog/projects/openclassrooms/med-it/app/public/wp-config.php on line 28
[21-Dec-2023 01:37:16 UTC] PHP Warning:  Undefined array key "root" in /Users/jeremy/Library/CloudStorage/GoogleDrive-jeremy@jeremyteurterie.com/Mon Drive/devlog/projects/openclassrooms/med-it/app/public/wp-config.php on line 39
[21-Dec-2023 01:37:16 UTC] PHP Warning:  Undefined array key "root" in /Users/jeremy/Library/CloudStorage/GoogleDrive-jeremy@jeremyteurterie.com/Mon Drive/devlog/projects/openclassrooms/med-it/app/public/wp-config.php on line 39
[21-Dec-2023 01:37:16 UTC] PHP Warning:  Undefined array key "med-it" in /Users/jeremy/Library/CloudStorage/GoogleDrive-jeremy@jeremyteurterie.com/Mon Drive/devlog/projects/openclassrooms/med-it/app/public/wp-config.php on line 19
[21-Dec-2023 01:37:16 UTC] PHP Warning:  Undefined array key "root" in /Users/jeremy/Library/CloudStorage/GoogleDrive-jeremy@jeremyteurterie.com/Mon Drive/devlog/projects/openclassrooms/med-it/app/public/wp-config.php on line 22
[21-Dec-2023 01:37:16 UTC] PHP Warning:  Undefined array key "root" in /Users/jeremy/Library/CloudStorage/GoogleDrive-jeremy@jeremyteurterie.com/Mon Drive/devlog/projects/openclassrooms/med-it/app/public/wp-config.php on line 25
[21-Dec-2023 01:37:16 UTC] PHP Warning:  Undefined array key "localhost" in /Users/jeremy/Library/CloudStorage/GoogleDrive-jeremy@jeremyteurterie.com/Mon Drive/devlog/projects/openclassrooms/med-it/app/public/wp-config.php on line 28
[21-Dec-2023 01:37:16 UTC] PHP Warning:  Undefined array key "root" in /Users/jeremy/Library/CloudStorage/GoogleDrive-jeremy@jeremyteurterie.com/Mon Drive/devlog/projects/openclassrooms/med-it/app/public/wp-config.php on line 39
[21-Dec-2023 01:37:16 UTC] PHP Warning:  Undefined array key "root" in /Users/jeremy/Library/CloudStorage/GoogleDrive-jeremy@jeremyteurterie.com/Mon Drive/devlog/projects/openclassrooms/med-it/app/public/wp-config.php on line 39
[21-Dec-2023 01:37:16 UTC] PHP Warning:  Undefined array key "med-it" in /Users/jeremy/Library/CloudStorage/GoogleDrive-jeremy@jeremyteurterie.com/Mon Drive/devlog/projects/openclassrooms/med-it/app/public/wp-config.php on line 19
[21-Dec-2023 01:37:16 UTC] PHP Warning:  Undefined array key "root" in /Users/jeremy/Library/CloudStorage/GoogleDrive-jeremy@jeremyteurterie.com/Mon Drive/devlog/projects/openclassrooms/med-it/app/public/wp-config.php on line 22
[21-Dec-2023 01:37:16 UTC] PHP Warning:  Undefined array key "root" in /Users/jeremy/Library/CloudStorage/GoogleDrive-jeremy@jeremyteurterie.com/Mon Drive/devlog/projects/openclassrooms/med-it/app/public/wp-config.php on line 25
[21-Dec-2023 01:37:16 UTC] PHP Warning:  Undefined array key "localhost" in /Users/jeremy/Library/CloudStorage/GoogleDrive-jeremy@jeremyteurterie.com/Mon Drive/devlog/projects/openclassrooms/med-it/app/public/wp-config.php on line 28
[21-Dec-2023 01:37:16 UTC] PHP Warning:  Undefined array key "root" in /Users/jeremy/Library/CloudStorage/GoogleDrive-jeremy@jeremyteurterie.com/Mon Drive/devlog/projects/openclassrooms/med-it/app/public/wp-config.php on line 39
[21-Dec-2023 01:37:16 UTC] PHP Warning:  Undefined array key "root" in /Users/jeremy/Library/CloudStorage/GoogleDrive-jeremy@jeremyteurterie.com/Mon Drive/devlog/projects/openclassrooms/med-it/app/public/wp-config.php on line 39
[21-Dec-2023 02:04:36 UTC] PHP Warning:  Undefined array key "root" in /Users/jeremy/Library/CloudStorage/GoogleDrive-jeremy@jeremyteurterie.com/Mon Drive/devlog/projects/openclassrooms/med-it/app/public/wp-config.php on line 39
[21-Dec-2023 02:04:36 UTC] PHP Warning:  Undefined array key "root" in /Users/jeremy/Library/CloudStorage/GoogleDrive-jeremy@jeremyteurterie.com/Mon Drive/devlog/projects/openclassrooms/med-it/app/public/wp-config.php on line 39
[21-Dec-2023 02:04:36 UTC] PHP Warning:  Undefined array key "root" in /Users/jeremy/Library/CloudStorage/GoogleDrive-jeremy@jeremyteurterie.com/Mon Drive/devlog/projects/openclassrooms/med-it/app/public/wp-config.php on line 39
[21-Dec-2023 02:04:36 UTC] PHP Warning:  Undefined array key "root" in /Users/jeremy/Library/CloudStorage/GoogleDrive-jeremy@jeremyteurterie.com/Mon Drive/devlog/projects/openclassrooms/med-it/app/public/wp-config.php on line 39
[21-Dec-2023 02:04:36 UTC] PHP Warning:  Undefined array key "root" in /Users/jeremy/Library/CloudStorage/GoogleDrive-jeremy@jeremyteurterie.com/Mon Drive/devlog/projects/openclassrooms/med-it/app/public/wp-config.php on line 39
[21-Dec-2023 02:04:36 UTC] PHP Warning:  Undefined array key "root" in /Users/jeremy/Library/CloudStorage/GoogleDrive-jeremy@jeremyteurterie.com/Mon Drive/devlog/projects/openclassrooms/med-it/app/public/wp-config.php on line 39
[21-Dec-2023 02:07:34 UTC] PHP Parse error:  Unmatched ')' in /Users/jeremy/Library/CloudStorage/GoogleDrive-jeremy@jeremyteurterie.com/Mon Drive/devlog/projects/openclassrooms/med-it/app/public/wp-config.php on line 39
[21-Dec-2023 02:07:34 UTC] PHP Parse error:  Unmatched ')' in /Users/jeremy/Library/CloudStorage/GoogleDrive-jeremy@jeremyteurterie.com/Mon Drive/devlog/projects/openclassrooms/med-it/app/public/wp-config.php on line 39
[21-Dec-2023 02:07:50 UTC] PHP Warning:  Undefined array key "root" in /Users/jeremy/Library/CloudStorage/GoogleDrive-jeremy@jeremyteurterie.com/Mon Drive/devlog/projects/openclassrooms/med-it/app/public/wp-config.php on line 39
[21-Dec-2023 02:07:50 UTC] PHP Warning:  Undefined array key "root" in /Users/jeremy/Library/CloudStorage/GoogleDrive-jeremy@jeremyteurterie.com/Mon Drive/devlog/projects/openclassrooms/med-it/app/public/wp-config.php on line 39
[21-Dec-2023 02:07:51 UTC] PHP Warning:  Undefined array key "root" in /Users/jeremy/Library/CloudStorage/GoogleDrive-jeremy@jeremyteurterie.com/Mon Drive/devlog/projects/openclassrooms/med-it/app/public/wp-config.php on line 39
[21-Dec-2023 02:07:51 UTC] PHP Warning:  Undefined array key "root" in /Users/jeremy/Library/CloudStorage/GoogleDrive-jeremy@jeremyteurterie.com/Mon Drive/devlog/projects/openclassrooms/med-it/app/public/wp-config.php on line 39
[21-Dec-2023 02:07:51 UTC] PHP Warning:  Undefined array key "root" in /Users/jeremy/Library/CloudStorage/GoogleDrive-jeremy@jeremyteurterie.com/Mon Drive/devlog/projects/openclassrooms/med-it/app/public/wp-config.php on line 39
[21-Dec-2023 02:07:51 UTC] PHP Warning:  Undefined array key "root" in /Users/jeremy/Library/CloudStorage/GoogleDrive-jeremy@jeremyteurterie.com/Mon Drive/devlog/projects/openclassrooms/med-it/app/public/wp-config.php on line 39
