[21-Dec-2023 08:22:20] NOTICE: fpm is running, pid 74653
[21-Dec-2023 08:22:20] NOTICE: ready to handle connections
[21-Dec-2023 08:57:00] NOTICE: Terminating ...
[21-Dec-2023 08:57:00] NOTICE: Terminating ...
[21-Dec-2023 08:57:00] NOTICE: exiting, bye-bye!
[21-Dec-2023 08:57:06] NOTICE: fpm is running, pid 79740
[21-Dec-2023 08:57:06] NOTICE: ready to handle connections
[22-Dec-2023 09:53:27] NOTICE: Terminating ...
[22-Dec-2023 09:53:27] NOTICE: Terminating ...
[22-Dec-2023 09:53:27] NOTICE: exiting, bye-bye!
[26-Dec-2023 10:08:08] NOTICE: fpm is running, pid 1824
[26-Dec-2023 10:08:08] NOTICE: ready to handle connections
[27-Dec-2023 17:47:12] NOTICE: Terminating ...
[27-Dec-2023 17:47:12] NOTICE: Terminating ...
[27-Dec-2023 17:47:12] NOTICE: exiting, bye-bye!
[02-Jan-2024 08:17:48] NOTICE: fpm is running, pid 1851
[02-Jan-2024 08:17:48] NOTICE: ready to handle connections
[03-Jan-2024 15:50:29] NOTICE: Terminating ...
[03-Jan-2024 15:50:29] NOTICE: Terminating ...
[03-Jan-2024 15:50:29] NOTICE: exiting, bye-bye!
[04-Jan-2024 11:21:55] NOTICE: fpm is running, pid 30505
[04-Jan-2024 11:21:55] NOTICE: ready to handle connections
[04-Jan-2024 11:22:26] NOTICE: Terminating ...
[04-Jan-2024 11:22:26] NOTICE: Terminating ...
[04-Jan-2024 11:22:26] NOTICE: exiting, bye-bye!
